<?xml version="1.0" encoding="UTF-8"?>
<testng-results skipped="0" failed="0" ignored="0" total="1" passed="1">
  <reporter-output>
  </reporter-output>
  <suite name="Default suite" duration-ms="39219" started-at="2022-07-29T04:09:28Z" finished-at="2022-07-29T04:10:07Z">
    <groups>
    </groups>
    <test name="Default test" duration-ms="39219" started-at="2022-07-29T04:09:28Z" finished-at="2022-07-29T04:10:07Z">
      <class name="Actions.Handlecheckbox">
        <test-method status="PASS" signature="Profilepage()[pri:0, instance:Actions.Handlecheckbox@5223e5ee]" name="Profilepage" duration-ms="39197" started-at="2022-07-29T04:09:28Z" finished-at="2022-07-29T04:10:07Z">
          <reporter-output>
          </reporter-output>
        </test-method> <!-- Profilepage -->
      </class> <!-- Actions.Handlecheckbox -->
    </test> <!-- Default test -->
  </suite> <!-- Default suite -->
</testng-results>
