<?xml version="1.0" encoding="UTF-8"?>
<testng-results ignored="0" total="1" passed="1" failed="0" skipped="0">
  <reporter-output>
  </reporter-output>
  <suite started-at="2023-03-24T12:18:14Z" name="Suite" finished-at="2023-03-24T12:18:28Z" duration-ms="14607">
    <groups>
    </groups>
    <test started-at="2023-03-24T12:18:14Z" name="Test" finished-at="2023-03-24T12:18:28Z" duration-ms="14607">
      <class name="Training.Baseclass">
        <test-method signature="invoke()[pri:0, instance:Training.Baseclass@23348b5d]" started-at="2023-03-24T12:18:14Z" name="invoke" finished-at="2023-03-24T12:18:28Z" duration-ms="14578" status="PASS">
          <reporter-output>
          </reporter-output>
        </test-method> <!-- invoke -->
      </class> <!-- Training.Baseclass -->
    </test> <!-- Test -->
  </suite> <!-- Suite -->
</testng-results>
