<?xml version="1.0" encoding="UTF-8"?>
<testng-results skipped="0" failed="0" ignored="0" total="1" passed="1">
  <reporter-output>
  </reporter-output>
  <suite name="Default suite" duration-ms="12173" started-at="2023-03-24T17:34:22 IST" finished-at="2023-03-24T17:34:34 IST">
    <groups>
    </groups>
    <test name="Default test" duration-ms="12173" started-at="2023-03-24T17:34:22 IST" finished-at="2023-03-24T17:34:34 IST">
      <class name="Training.Baseclass">
        <test-method status="PASS" signature="invoke()[pri:0, instance:Training.Baseclass@462d5aee]" name="invoke" duration-ms="12120" started-at="2023-03-24T17:34:22 IST" finished-at="2023-03-24T17:34:34 IST">
          <reporter-output>
          </reporter-output>
        </test-method> <!-- invoke -->
      </class> <!-- Training.Baseclass -->
    </test> <!-- Default test -->
  </suite> <!-- Default suite -->
</testng-results>
