<?xml version="1.0" encoding="UTF-8"?>
<!-- Generated by org.testng.reporters.JUnitXMLReporter -->
<testsuite hostname="DESKTOP-N1POFP7" ignored="0" name="Test" tests="9" failures="0" timestamp="24 Jun 2022 04:15:22 GMT" time="517.529" errors="0">
  <testcase name="Existinguser" time="30.326" classname="Actions.Existloginaction"/>
  <testcase name="Registrationpage" time="44.104" classname="Actions.Newuserregistration"/>
  <testcase name="Kycpage" time="53.628" classname="Actions.Kycactions"/>
  <testcase name="Depositpage" time="114.044" classname="Actions.Depositaction"/>
  <testcase name="Withdrawpage" time="46.114" classname="Actions.Withdrawaction"/>
  <testcase name="Footer" time="36.389" classname="Actions.Pgredirectionaction"/>
  <testcase name="Historypage" time="47.106" classname="Actions.Historyaction"/>
  <testcase name="Profilepage" time="89.852" classname="Actions.Profileactions"/>
  <testcase name="Forgetpwd" time="55.936" classname="Actions.Forgetpwdactions"/>
</testsuite> <!-- Test -->
